<?xml version="1.0" encoding="UTF-8"?>
<!-- Generated by org.testng.reporters.JUnitXMLReporter -->
<testsuite hostname="DLLA1421" name="Surefire test" tests="1" failures="1" timestamp="17 Dec 2018 10:35:27 GMT" time="138.819" errors="0">
  <testcase name="run_cukes" time="138.8" classname="org.stepdefs.RunnableClass">
    <failure type="cucumber.runtime.CucumberException" message="java.lang.NullPointerException">
      <![CDATA[cucumber.runtime.CucumberException: java.lang.NullPointerException
	at cucumber.api.testng.TestNGCucumberRunner.runCukes(TestNGCucumberRunner.java:48)
	at cucumber.api.testng.AbstractTestNGCucumberTests.run_cukes(AbstractTestNGCucumberTests.java:14)
	at cucumber.api.testng.AbstractTestNGCucumberTests.run(AbstractTestNGCucumberTests.java:19)
Caused by: java.lang.NullPointerException
	at org.getpageobjects.GetPage.type(GetPage.java:71)
	at org.keywords.Login.enterCorrectEmailID(Login.java:25)
	at org.stepdefs.LoginTest.enter_CorrectEmail_vandanasharma_qainfotech_com(LoginTest.java:20)
	at âœ½.And Enter CorrectEmail "vandanasharma@qainfotech.com"(Login.feature:9)
... Removed 35 stack frames]]>
    </failure>
  </testcase> <!-- run_cukes -->
</testsuite> <!-- Surefire test -->
