<html>
<head>
<title>TestNG:  Surefire test</title>
<link href="../testng.css" rel="stylesheet" type="text/css" />
<link href="../my-testng.css" rel="stylesheet" type="text/css" />

<style type="text/css">
.log { display: none;} 
.stack-trace { display: none;} 
</style>
<script type="text/javascript">
<!--
function flip(e) {
  current = e.style.display;
  if (current == 'block') {
    e.style.display = 'none';
    return 0;
  }
  else {
    e.style.display = 'block';
    return 1;
  }
}

function toggleBox(szDivId, elem, msg1, msg2)
{
  var res = -1;  if (document.getElementById) {
    res = flip(document.getElementById(szDivId));
  }
  else if (document.all) {
    // this is the way old msie versions work
    res = flip(document.all[szDivId]);
  }
  if(elem) {
    if(res == 0) elem.innerHTML = msg1; else elem.innerHTML = msg2;
  }

}

function toggleAllBoxes() {
  if (document.getElementsByTagName) {
    d = document.getElementsByTagName('div');
    for (i = 0; i < d.length; i++) {
      if (d[i].className == 'log') {
        flip(d[i]);
      }
    }
  }
}

// -->
</script>

</head>
<body>
<h2 align='center'>Surefire test</h2><table border='1' align="center">
<tr>
<td>Tests passed/Failed/Skipped:</td><td>0/1/0</td>
</tr><tr>
<td>Started on:</td><td>Mon Dec 17 16:03:08 IST 2018</td>
</tr>
<tr><td>Total time:</td><td>138 seconds (138819 ms)</td>
</tr><tr>
<td>Included groups:</td><td></td>
</tr><tr>
<td>Excluded groups:</td><td></td>
</tr>
</table><p/>
<small><i>(Hover the method name to see the test class name)</i></small><p/>
<table width='100%' border='1' class='invocation-failed'>
<tr><td colspan='4' align='center'><b>FAILED TESTS</b></td></tr>
<tr><td><b>Test method</b></td>
<td width="30%"><b>Exception</b></td>
<td width="10%"><b>Time (seconds)</b></td>
<td><b>Instance</b></td>
</tr>
<tr>
<td title='org.stepdefs.RunnableClass.run_cukes()'><b>run_cukes</b><br>Test class: org.stepdefs.RunnableClass<br>Test method: Runs Cucumber Features<br/>
<a href="#Output-1771667101" onClick='toggleBox("Output-1771667101", this, "Show output", "Hide output");'>Show output</a>

<a href="#Output-1771667101" onClick="toggleAllBoxes();">Show all outputs</a>
<div class='log' id="Output-1771667101">
<div "featureFile">Feature File: Login.feature</div><br/>
<div "feature">Feature: Check the Authenticity of the FADAVIS.COM website.</div><br/>
<div "scenarioOutline">Scenario Outline: Check the authenticity using correct login credentials.</div><br/>
<div "result">When  Click on Login&#x2F;Join button (passed : 6s)</div><br/>
<div "scenario">Scenario Outline: Check the authenticity using correct login credentials.</div><br/>
<div "result">And  Enter CorrectEmail &quot;&lt;email&gt;&quot; (passed : 4s)</div><br/>
<div "result">And  Enter CorrectPassword &quot;&lt;password&gt;&quot; (failed : 20s)</div><br/>
<div "result">And  Click on Login Button (skipped)</div><br/>
<div "result">Then  Login is Successfull. (skipped)</div><br/>
<div "result">Given  Launch URL (skipped)</div><br/>
<div "result">When  Click on Login&#x2F;Join button (passed : 5s)</div><br/>
<div "scenario">Scenario: Check the message displayed when incorrect email is used.</div><br/>
<div "result">And  Enter CorrectEmail &quot;vandanasharma@qainfotech.com&quot; (passed : 4s)</div><br/>
<div "result">And  Enter CorrectPassword &quot;password&quot; (failed : 20s)</div><br/>
<div "result">And  Click on Login Button (skipped)</div><br/>
<div "scenarioOutline">Scenario Outline: Confirm the presence of Alert, when incorrect password is used.</div><br/>
<div "result">Then  Login is Successfull. (passed : 5s)</div><br/>
<div "scenario">Scenario Outline: Confirm the presence of Alert, when incorrect password is used.</div><br/>
<div "result">Given  Launch URL (passed : 4s)</div><br/>
<div "result">When  Click on Login&#x2F;Join button (failed : 20s)</div><br/>
<div "result">And  Enter Incorrect Email ID (skipped)</div><br/>
<div "result">Then  Application displays error message. (skipped)</div><br/>
<div "result">When  Click on Login&#x2F;Join button (skipped)</div><br/>
<div "featureFile">Feature File: TitleVerification.feature</div><br/>
<div "feature">Feature: Test Fadavis.com</div><br/>
<div "scenario">Scenario: Verification of FADAVIS.COM Title</div><br/>
<div "result">And  Enter CorrectEmail &quot;&lt;email&gt;&quot; (passed : 5s)</div><br/>
<div "result">And  Enter Incorrect Password (passed : 0s)</div><br/>
</div>
</td>
<td><div><pre>cucumber.runtime.CucumberException: java.lang.NullPointerException
	at cucumber.api.testng.TestNGCucumberRunner.runCukes(TestNGCucumberRunner.java:48)
	at cucumber.api.testng.AbstractTestNGCucumberTests.run_cukes(AbstractTestNGCucumberTests.java:14)
	at cucumber.api.testng.AbstractTestNGCucumberTests.run(AbstractTestNGCucumberTests.java:19)
Caused by: java.lang.NullPointerException
	at org.getpageobjects.GetPage.type(GetPage.java:71)
	at org.keywords.Login.enterCorrectEmailID(Login.java:25)
	at org.stepdefs.LoginTest.enter_CorrectEmail_vandanasharma_qainfotech_com(LoginTest.java:20)
	at ?.And Enter CorrectEmail &quot;vandanasharma@qainfotech.com&quot;(Login.feature:9)
... Removed 35 stack frames</pre></div><a href='#' onClick='toggleBox("stack-trace1771667101", this, "Click to show all stack frames", "Click to hide stack frames")'>Click to show all stack frames</a>
<div class='stack-trace' id='stack-trace1771667101'><pre>cucumber.runtime.CucumberException: java.lang.NullPointerException
	at cucumber.api.testng.TestNGCucumberRunner.runCukes(TestNGCucumberRunner.java:48)
	at cucumber.api.testng.AbstractTestNGCucumberTests.run_cukes(AbstractTestNGCucumberTests.java:14)
	at sun.reflect.NativeMethodAccessorImpl.invoke0(Native Method)
	at sun.reflect.NativeMethodAccessorImpl.invoke(Unknown Source)
	at sun.reflect.DelegatingMethodAccessorImpl.invoke(Unknown Source)
	at java.lang.reflect.Method.invoke(Unknown Source)
	at org.testng.internal.MethodInvocationHelper.invokeMethod(MethodInvocationHelper.java:84)
	at org.testng.internal.MethodInvocationHelper$1.runTestMethod(MethodInvocationHelper.java:200)
	at cucumber.api.testng.AbstractTestNGCucumberTests.run(AbstractTestNGCucumberTests.java:19)
	at sun.reflect.NativeMethodAccessorImpl.invoke0(Native Method)
	at sun.reflect.NativeMethodAccessorImpl.invoke(Unknown Source)
	at sun.reflect.DelegatingMethodAccessorImpl.invoke(Unknown Source)
	at java.lang.reflect.Method.invoke(Unknown Source)
	at org.testng.internal.MethodInvocationHelper.invokeHookable(MethodInvocationHelper.java:212)
	at org.testng.internal.Invoker.invokeMethod(Invoker.java:707)
	at org.testng.internal.Invoker.invokeTestMethod(Invoker.java:901)
	at org.testng.internal.Invoker.invokeTestMethods(Invoker.java:1231)
	at org.testng.internal.TestMethodWorker.invokeTestMethods(TestMethodWorker.java:127)
	at org.testng.internal.TestMethodWorker.run(TestMethodWorker.java:111)
	at org.testng.TestRunner.privateRun(TestRunner.java:767)
	at org.testng.TestRunner.run(TestRunner.java:617)
	at org.testng.SuiteRunner.runTest(SuiteRunner.java:334)
	at org.testng.SuiteRunner.runSequentially(SuiteRunner.java:329)
	at org.testng.SuiteRunner.privateRun(SuiteRunner.java:291)
	at org.testng.SuiteRunner.run(SuiteRunner.java:240)
	at org.testng.SuiteRunnerWorker.runSuite(SuiteRunnerWorker.java:52)
	at org.testng.SuiteRunnerWorker.run(SuiteRunnerWorker.java:86)
	at org.testng.TestNG.runSuitesSequentially(TestNG.java:1224)
	at org.testng.TestNG.runSuitesLocally(TestNG.java:1149)
	at org.testng.TestNG.run(TestNG.java:1057)
	at org.apache.maven.surefire.testng.TestNGExecutor.run(TestNGExecutor.java:132)
	at org.apache.maven.surefire.testng.TestNGDirectoryTestSuite.executeSingleClass(TestNGDirectoryTestSuite.java:112)
	at org.apache.maven.surefire.testng.TestNGDirectoryTestSuite.executeLazy(TestNGDirectoryTestSuite.java:123)
	at org.apache.maven.surefire.testng.TestNGDirectoryTestSuite.execute(TestNGDirectoryTestSuite.java:90)
	at org.apache.maven.surefire.testng.TestNGProvider.invoke(TestNGProvider.java:147)
	at org.apache.maven.surefire.booter.ForkedBooter.invokeProviderInSameClassLoader(ForkedBooter.java:290)
	at org.apache.maven.surefire.booter.ForkedBooter.runSuitesInProcess(ForkedBooter.java:242)
	at org.apache.maven.surefire.booter.ForkedBooter.main(ForkedBooter.java:121)
Caused by: java.lang.NullPointerException
	at org.getpageobjects.GetPage.type(GetPage.java:71)
	at org.keywords.Login.enterCorrectEmailID(Login.java:25)
	at org.stepdefs.LoginTest.enter_CorrectEmail_vandanasharma_qainfotech_com(LoginTest.java:20)
	at ?.And Enter CorrectEmail &quot;vandanasharma@qainfotech.com&quot;(Login.feature:9)
</pre></div></td>
<td>138</td>
<td>org.stepdefs.RunnableClass@9629756</td></tr>
</table><p>
</body>
</html>