<?xml version="1.0" encoding="UTF-8"?>
<testng-results skipped="0" failed="1" total="1" passed="0">
  <reporter-output>
    <line>
      <![CDATA[<div "featureFile">Feature File: Login.feature</div>]]>
    </line>
    <line>
      <![CDATA[<div "feature">Feature: Check the Authenticity of the FADAVIS.COM website.</div>]]>
    </line>
    <line>
      <![CDATA[<div "result">Given  Launch URL (passed : 4s)</div>]]>
    </line>
    <line>
      <![CDATA[<div "scenario">Scenario: Check the authenticity using correct login credentials.</div>]]>
    </line>
    <line>
      <![CDATA[<div "result">When  Click on Login&#x2F;Join button (passed : 5s)</div>]]>
    </line>
    <line>
      <![CDATA[<div "result">And  Enter Correct Email ID (passed : 1s)</div>]]>
    </line>
    <line>
      <![CDATA[<div "result">And  Enter Correct Password (passed : 0s)</div>]]>
    </line>
    <line>
      <![CDATA[<div "result">And  Click on Login Button (passed : 5s)</div>]]>
    </line>
    <line>
      <![CDATA[<div "result">Then  Login is Successfull. (passed : 0s)</div>]]>
    </line>
    <line>
      <![CDATA[<div "result">Given  Launch URL (passed : 16s)</div>]]>
    </line>
    <line>
      <![CDATA[<div "scenario">Scenario: Check the message displayed when incorrect email is used.</div>]]>
    </line>
    <line>
      <![CDATA[<div "result">When  Click on Login&#x2F;Join button (passed : 4s)</div>]]>
    </line>
    <line>
      <![CDATA[<div "result">And  Enter Incorrect Email ID (passed : 0s)</div>]]>
    </line>
    <line>
      <![CDATA[<div "result">Then  Application displays error message. (passed : 0s)</div>]]>
    </line>
    <line>
      <![CDATA[<div "result">Given  Launch URL (passed : 5s)</div>]]>
    </line>
    <line>
      <![CDATA[<div "scenario">Scenario: Confirm the presence of Alert, when incorrect password is used.</div>]]>
    </line>
    <line>
      <![CDATA[<div "result">When  Click on Login&#x2F;Join button (passed : 9s)</div>]]>
    </line>
    <line>
      <![CDATA[<div "result">And  Enter Correct Email ID (passed : 0s)</div>]]>
    </line>
    <line>
      <![CDATA[<div "result">And  Enter Incorrect Password (passed : 0s)</div>]]>
    </line>
    <line>
      <![CDATA[<div "result">And  Click on Login Button (passed : 1s)</div>]]>
    </line>
    <line>
      <![CDATA[<div "result">Then  Alert message should be present about incorrect password (passed : 0s)</div>]]>
    </line>
    <line>
      <![CDATA[<div "featureFile">Feature File: TitleVerification.feature</div>]]>
    </line>
    <line>
      <![CDATA[<div "feature">Feature: Test Fadavis.com</div>]]>
    </line>
    <line>
      <![CDATA[<div "scenario">Scenario: Verification of FADAVIS.COM Title</div>]]>
    </line>
    <line>
      <![CDATA[<div "result">Given  Launch URL (passed : 6s)</div>]]>
    </line>
    <line>
      <![CDATA[<div "result">Then  Verify Title (failed : 0s)</div>]]>
    </line>
  </reporter-output>
  <suite name="Surefire suite" duration-ms="94390" started-at="2018-12-12T08:58:59Z" finished-at="2018-12-12T09:00:33Z">
    <groups>
      <group name="cucumber">
        <method signature="AbstractTestNGCucumberTests.run_cukes()[pri:0, instance:org.stepdefs.RunnableClass@9629756]" name="run_cukes" class="cucumber.api.testng.AbstractTestNGCucumberTests"/>
      </group> <!-- cucumber -->
    </groups>
    <test name="Surefire test" duration-ms="94390" started-at="2018-12-12T08:58:59Z" finished-at="2018-12-12T09:00:33Z">
      <class name="org.stepdefs.RunnableClass">
        <test-method status="FAIL" signature="run_cukes()[pri:0, instance:org.stepdefs.RunnableClass@9629756]" name="run_cukes" duration-ms="94358" started-at="2018-12-12T14:28:59Z" description="Runs Cucumber Features" finished-at="2018-12-12T14:30:33Z">
          <exception class="cucumber.runtime.CucumberException">
            <message>
              <![CDATA[java.lang.AssertionError: Title is different expected [textbooks and Classroom Resources for Nursing and Health Professions - F.A. Davis Company] but found [Textbooks and Classroom Resources for Nursing and Health Professions - F.A. Davis Company]]]>
            </message>
            <full-stacktrace>
              <![CDATA[cucumber.runtime.CucumberException: java.lang.AssertionError: Title is different expected [textbooks and Classroom Resources for Nursing and Health Professions - F.A. Davis Company] but found [Textbooks and Classroom Resources for Nursing and Health Professions - F.A. Davis Company]
	at cucumber.api.testng.TestNGCucumberRunner.runCukes(TestNGCucumberRunner.java:48)
	at cucumber.api.testng.AbstractTestNGCucumberTests.run_cukes(AbstractTestNGCucumberTests.java:14)
	at sun.reflect.NativeMethodAccessorImpl.invoke0(Native Method)
	at sun.reflect.NativeMethodAccessorImpl.invoke(Unknown Source)
	at sun.reflect.DelegatingMethodAccessorImpl.invoke(Unknown Source)
	at java.lang.reflect.Method.invoke(Unknown Source)
	at org.testng.internal.MethodInvocationHelper.invokeMethod(MethodInvocationHelper.java:84)
	at org.testng.internal.MethodInvocationHelper$1.runTestMethod(MethodInvocationHelper.java:200)
	at cucumber.api.testng.AbstractTestNGCucumberTests.run(AbstractTestNGCucumberTests.java:19)
	at sun.reflect.NativeMethodAccessorImpl.invoke0(Native Method)
	at sun.reflect.NativeMethodAccessorImpl.invoke(Unknown Source)
	at sun.reflect.DelegatingMethodAccessorImpl.invoke(Unknown Source)
	at java.lang.reflect.Method.invoke(Unknown Source)
	at org.testng.internal.MethodInvocationHelper.invokeHookable(MethodInvocationHelper.java:212)
	at org.testng.internal.Invoker.invokeMethod(Invoker.java:707)
	at org.testng.internal.Invoker.invokeTestMethod(Invoker.java:901)
	at org.testng.internal.Invoker.invokeTestMethods(Invoker.java:1231)
	at org.testng.internal.TestMethodWorker.invokeTestMethods(TestMethodWorker.java:127)
	at org.testng.internal.TestMethodWorker.run(TestMethodWorker.java:111)
	at org.testng.TestRunner.privateRun(TestRunner.java:767)
	at org.testng.TestRunner.run(TestRunner.java:617)
	at org.testng.SuiteRunner.runTest(SuiteRunner.java:334)
	at org.testng.SuiteRunner.runSequentially(SuiteRunner.java:329)
	at org.testng.SuiteRunner.privateRun(SuiteRunner.java:291)
	at org.testng.SuiteRunner.run(SuiteRunner.java:240)
	at org.testng.SuiteRunnerWorker.runSuite(SuiteRunnerWorker.java:52)
	at org.testng.SuiteRunnerWorker.run(SuiteRunnerWorker.java:86)
	at org.testng.TestNG.runSuitesSequentially(TestNG.java:1224)
	at org.testng.TestNG.runSuitesLocally(TestNG.java:1149)
	at org.testng.TestNG.run(TestNG.java:1057)
	at org.apache.maven.surefire.testng.TestNGExecutor.run(TestNGExecutor.java:132)
	at org.apache.maven.surefire.testng.TestNGDirectoryTestSuite.executeSingleClass(TestNGDirectoryTestSuite.java:112)
	at org.apache.maven.surefire.testng.TestNGDirectoryTestSuite.executeLazy(TestNGDirectoryTestSuite.java:123)
	at org.apache.maven.surefire.testng.TestNGDirectoryTestSuite.execute(TestNGDirectoryTestSuite.java:90)
	at org.apache.maven.surefire.testng.TestNGProvider.invoke(TestNGProvider.java:147)
	at org.apache.maven.surefire.booter.ForkedBooter.invokeProviderInSameClassLoader(ForkedBooter.java:290)
	at org.apache.maven.surefire.booter.ForkedBooter.runSuitesInProcess(ForkedBooter.java:242)
	at org.apache.maven.surefire.booter.ForkedBooter.main(ForkedBooter.java:121)
Caused by: java.lang.AssertionError: Title is different expected [textbooks and Classroom Resources for Nursing and Health Professions - F.A. Davis Company] but found [Textbooks and Classroom Resources for Nursing and Health Professions - F.A. Davis Company]
	at org.testng.Assert.fail(Assert.java:94)
	at org.testng.Assert.failNotEquals(Assert.java:494)
	at org.testng.Assert.assertEquals(Assert.java:123)
	at org.testng.Assert.assertEquals(Assert.java:176)
	at org.stepdefs.TitleVerification.Verify_Title(TitleVerification.java:17)
	at ?.Then Verify Title(TitleVerification.feature:6)
]]>
            </full-stacktrace>
          </exception> <!-- cucumber.runtime.CucumberException -->
          <reporter-output>
            <line>
              <![CDATA[<div "featureFile">Feature File: Login.feature</div>]]>
            </line>
            <line>
              <![CDATA[<div "feature">Feature: Check the Authenticity of the FADAVIS.COM website.</div>]]>
            </line>
            <line>
              <![CDATA[<div "result">Given  Launch URL (passed : 4s)</div>]]>
            </line>
            <line>
              <![CDATA[<div "scenario">Scenario: Check the authenticity using correct login credentials.</div>]]>
            </line>
            <line>
              <![CDATA[<div "result">When  Click on Login&#x2F;Join button (passed : 5s)</div>]]>
            </line>
            <line>
              <![CDATA[<div "result">And  Enter Correct Email ID (passed : 1s)</div>]]>
            </line>
            <line>
              <![CDATA[<div "result">And  Enter Correct Password (passed : 0s)</div>]]>
            </line>
            <line>
              <![CDATA[<div "result">And  Click on Login Button (passed : 5s)</div>]]>
            </line>
            <line>
              <![CDATA[<div "result">Then  Login is Successfull. (passed : 0s)</div>]]>
            </line>
            <line>
              <![CDATA[<div "result">Given  Launch URL (passed : 16s)</div>]]>
            </line>
            <line>
              <![CDATA[<div "scenario">Scenario: Check the message displayed when incorrect email is used.</div>]]>
            </line>
            <line>
              <![CDATA[<div "result">When  Click on Login&#x2F;Join button (passed : 4s)</div>]]>
            </line>
            <line>
              <![CDATA[<div "result">And  Enter Incorrect Email ID (passed : 0s)</div>]]>
            </line>
            <line>
              <![CDATA[<div "result">Then  Application displays error message. (passed : 0s)</div>]]>
            </line>
            <line>
              <![CDATA[<div "result">Given  Launch URL (passed : 5s)</div>]]>
            </line>
            <line>
              <![CDATA[<div "scenario">Scenario: Confirm the presence of Alert, when incorrect password is used.</div>]]>
            </line>
            <line>
              <![CDATA[<div "result">When  Click on Login&#x2F;Join button (passed : 9s)</div>]]>
            </line>
            <line>
              <![CDATA[<div "result">And  Enter Correct Email ID (passed : 0s)</div>]]>
            </line>
            <line>
              <![CDATA[<div "result">And  Enter Incorrect Password (passed : 0s)</div>]]>
            </line>
            <line>
              <![CDATA[<div "result">And  Click on Login Button (passed : 1s)</div>]]>
            </line>
            <line>
              <![CDATA[<div "result">Then  Alert message should be present about incorrect password (passed : 0s)</div>]]>
            </line>
            <line>
              <![CDATA[<div "featureFile">Feature File: TitleVerification.feature</div>]]>
            </line>
            <line>
              <![CDATA[<div "feature">Feature: Test Fadavis.com</div>]]>
            </line>
            <line>
              <![CDATA[<div "scenario">Scenario: Verification of FADAVIS.COM Title</div>]]>
            </line>
            <line>
              <![CDATA[<div "result">Given  Launch URL (passed : 6s)</div>]]>
            </line>
            <line>
              <![CDATA[<div "result">Then  Verify Title (failed : 0s)</div>]]>
            </line>
          </reporter-output>
        </test-method> <!-- run_cukes -->
      </class> <!-- org.stepdefs.RunnableClass -->
    </test> <!-- Surefire test -->
  </suite> <!-- Surefire suite -->
</testng-results>
